2013/08/19 23:46:31 にビルドを開始しました。
     1>ノード 2 上のプロジェクト "c:\Users\sanjuro\documents\visual studio 2010\Projects\MFCReversing\MFCReversing\MFCReversing.vcxproj" (build ターゲット)。
     1>PrepareForBuild:
         ディレクトリ "c:\users\sanjuro\documents\visual studio 2010\Projects\MFCReversing\Release\" を作成しています。
       InitializeBuildStatus:
         "AlwaysCreate" が指定されたため "Release\MFCReversing.unsuccessfulbuild" を作成しています。
       ClCompile:
         C:\Program Files (x86)\Microsoft Visual Studio 10.0\VC\bin\CL.exe /c /Zi /nologo /W3 /WX- /O2 /Oi /Oy- /GL /D WIN32 /D _WINDOWS /D NDEBUG /D _UNICODE /D UNICODE /D _AFXDLL /Gm- /EHsc /MD /GS /Gy /fp:precise /Zc:wchar_t /Zc:forScope /Yc"StdAfx.h" /Fp"Release\MFCReversing.pch" /Fo"Release\\" /Fd"Release\vc100.pdb" /Gd /TP /analyze- /errorReport:prompt stdafx.cpp
         stdafx.cpp
         C:\Program Files (x86)\Microsoft Visual Studio 10.0\VC\bin\CL.exe /c /Zi /nologo /W3 /WX- /O2 /Oi /Oy- /GL /D WIN32 /D _WINDOWS /D NDEBUG /D _UNICODE /D UNICODE /D _AFXDLL /Gm- /EHsc /MD /GS /Gy /fp:precise /Zc:wchar_t /Zc:forScope /Yu"StdAfx.h" /Fp"Release\MFCReversing.pch" /Fo"Release\\" /Fd"Release\vc100.pdb" /Gd /TP /analyze- /errorReport:prompt MFCReversing.cpp MFCReversingDlg.cpp
         MFCReversing.cpp
         MFCReversingDlg.cpp
       ResourceCompile:
         C:\Program Files (x86)\Microsoft SDKs\Windows\v7.0A\bin\rc.exe /D NDEBUG /D _UNICODE /D UNICODE /D _AFXDLL /l"0x0411" /IRelease\ /nologo /fo"Release\MFCReversing.res" MFCReversing.rc 
       Link:
         C:\Program Files (x86)\Microsoft Visual Studio 10.0\VC\bin\link.exe /ERRORREPORT:PROMPT /OUT:"c:\users\sanjuro\documents\visual studio 2010\Projects\MFCReversing\Release\MFCReversing.exe" /INCREMENTAL:NO /NOLOGO /MANIFEST /ManifestFile:"Release\MFCReversing.exe.intermediate.manifest" /MANIFESTUAC:"level='asInvoker' uiAccess='false'" /DEBUG /PDB:"c:\users\sanjuro\documents\visual studio 2010\Projects\MFCReversing\Release\MFCReversing.pdb" /SUBSYSTEM:WINDOWS /OPT:REF /OPT:ICF /LTCG /TLBID:1 /ENTRY:"wWinMainCRTStartup" /DYNAMICBASE /NXCOMPAT /IMPLIB:"c:\users\sanjuro\documents\visual studio 2010\Projects\MFCReversing\Release\MFCReversing.lib" /MACHINE:X86 Release\MFCReversing.res
         Release\MFCReversing.obj
         Release\MFCReversingDlg.obj
         Release\stdafx.obj
         コード生成しています。
         コード生成が終了しました。
         MFCReversing.vcxproj -> c:\users\sanjuro\documents\visual studio 2010\Projects\MFCReversing\Release\MFCReversing.exe
       Manifest:
         C:\Program Files (x86)\Microsoft SDKs\Windows\v7.0A\bin\mt.exe /nologo /verbose /outputresource:"c:\users\sanjuro\documents\visual studio 2010\Projects\MFCReversing\Release\MFCReversing.exe;#1" /manifest Release\MFCReversing.exe.intermediate.manifest "C:\Program Files (x86)\Microsoft Visual Studio 10.0\VC\Include\Manifest\dpiaware.manifest"
       FinalizeBuildStatus:
         ファイル "Release\MFCReversing.unsuccessfulbuild" を削除しています。
         "Release\MFCReversing.lastbuildstate" のタッチ タスクを実行しています。
     1>プロジェクト "c:\Users\sanjuro\documents\visual studio 2010\Projects\MFCReversing\MFCReversing\MFCReversing.vcxproj" (build ターゲット) のビルドが完了しました。

ビルドに成功しました。

経過時間 00:00:04.39
