2013/08/19 23:46:21 にビルドを開始しました。
     1>ノード 2 上のプロジェクト "c:\Users\sanjuro\documents\visual studio 2010\Projects\MFCReversing\MFCReversing\MFCReversing.vcxproj" (build ターゲット)。
     1>InitializeBuildStatus:
         "AlwaysCreate" が指定されたため "Debug\MFCReversing.unsuccessfulbuild" を作成しています。
       ClCompile:
         すべての出力が最新のものです。
         C:\Program Files (x86)\Microsoft Visual Studio 10.0\VC\bin\CL.exe /c /ZI /nologo /W3 /WX- /Od /Oy- /D WIN32 /D _WINDOWS /D _DEBUG /D _UNICODE /D UNICODE /D _AFXDLL /Gm /EHsc /RTC1 /MDd /GS /fp:precise /Zc:wchar_t /Zc:forScope /Yu"StdAfx.h" /Fp"Debug\MFCReversing.pch" /Fo"Debug\\" /Fd"Debug\vc100.pdb" /Gd /TP /analyze- /errorReport:prompt MFCReversingDlg.cpp
         MFCReversingDlg.cpp
       ResourceCompile:
         すべての出力が最新のものです。
       ManifestResourceCompile:
         すべての出力が最新のものです。
       Link:
         C:\Program Files (x86)\Microsoft Visual Studio 10.0\VC\bin\link.exe /ERRORREPORT:PROMPT /OUT:"c:\users\sanjuro\documents\visual studio 2010\Projects\MFCReversing\Debug\MFCReversing.exe" /INCREMENTAL /NOLOGO /MANIFEST /ManifestFile:"Debug\MFCReversing.exe.intermediate.manifest" /MANIFESTUAC:"level='asInvoker' uiAccess='false'" /DEBUG /PDB:"c:\users\sanjuro\documents\visual studio 2010\Projects\MFCReversing\Debug\MFCReversing.pdb" /SUBSYSTEM:WINDOWS /TLBID:1 /ENTRY:"wWinMainCRTStartup" /DYNAMICBASE /NXCOMPAT /IMPLIB:"c:\users\sanjuro\documents\visual studio 2010\Projects\MFCReversing\Debug\MFCReversing.lib" /MACHINE:X86 Debug\MFCReversing.res
         Debug\MFCReversing.exe.embed.manifest.res
         Debug\MFCReversing.obj
         Debug\MFCReversingDlg.obj
         Debug\stdafx.obj
       Manifest:
         C:\Program Files (x86)\Microsoft SDKs\Windows\v7.0A\bin\mt.exe /nologo /verbose /out:"Debug\MFCReversing.exe.embed.manifest" /manifest Debug\MFCReversing.exe.intermediate.manifest "C:\Program Files (x86)\Microsoft Visual Studio 10.0\VC\Include\Manifest\dpiaware.manifest"
         すべての出力が最新のものです。
       LinkEmbedManifest:
         すべての出力が最新のものです。
         MFCReversing.vcxproj -> c:\users\sanjuro\documents\visual studio 2010\Projects\MFCReversing\Debug\MFCReversing.exe
       FinalizeBuildStatus:
         ファイル "Debug\MFCReversing.unsuccessfulbuild" を削除しています。
         "Debug\MFCReversing.lastbuildstate" のタッチ タスクを実行しています。
     1>プロジェクト "c:\Users\sanjuro\documents\visual studio 2010\Projects\MFCReversing\MFCReversing\MFCReversing.vcxproj" (build ターゲット) のビルドが完了しました。

ビルドに成功しました。

経過時間 00:00:00.34
